

================================================================
== Vivado HLS Report for 'backsub_EM_ALGO'
================================================================
* Date:           Thu Jan  4 17:52:46 2018

* Version:        2015.4 (Build 1412921 on Wed Nov 18 09:58:55 AM 2015)
* Project:        GMM_Backsub_2model_edited
* Solution:       solution1
* Product family: zynq
* Target device:  xc7z020clg484-1


================================================================
== Performance Estimates
================================================================
+ Timing (ns): 
    * Summary: 
    +--------+-------+----------+------------+
    |  Clock | Target| Estimated| Uncertainty|
    +--------+-------+----------+------------+
    |ap_clk  |  10.00|      9.79|        1.25|
    +--------+-------+----------+------------+

+ Latency (clock cycles): 
    * Summary: 
    +-----+-----+-----+-----+---------+
    |  Latency  |  Interval | Pipeline|
    | min | max | min | max |   Type  |
    +-----+-----+-----+-----+---------+
    |   29|  117|   29|  117|   none  |
    +-----+-----+-----+-----+---------+

    + Detail: 
        * Instance: 
        N/A

        * Loop: 
        +----------+-----+-----+----------+-----------+-----------+-------+----------+
        |          |  Latency  | Iteration|  Initiation Interval  |  Trip |          |
        | Loop Name| min | max |  Latency |  achieved |   target  | Count | Pipelined|
        +----------+-----+-----+----------+-----------+-----------+-------+----------+
        |- Loop 1  |    5|   14|         3|          -|          -| 1 ~ 4 |    no    |
        +----------+-----+-----+----------+-----------+-----------+-------+----------+



================================================================
== Utilization Estimates
================================================================
* Summary: 
+-----------------+---------+-------+--------+-------+
|       Name      | BRAM_18K| DSP48E|   FF   |  LUT  |
+-----------------+---------+-------+--------+-------+
|DSP              |        -|      -|       -|      -|
|Expression       |        -|      1|       0|   1723|
|FIFO             |        -|      -|       -|      -|
|Instance         |        -|     18|    4672|   7560|
|Memory           |        2|      -|      64|      1|
|Multiplexer      |        -|      -|       -|   1187|
|Register         |        -|      -|    1498|      -|
+-----------------+---------+-------+--------+-------+
|Total            |        2|     19|    6234|  10471|
+-----------------+---------+-------+--------+-------+
|Available        |      280|    220|  106400|  53200|
+-----------------+---------+-------+--------+-------+
|Utilization (%)  |    ~0   |      8|       5|     19|
+-----------------+---------+-------+--------+-------+

+ Detail: 
    * Instance: 
    +---------------------------------------------+------------------------------------------+---------+-------+-----+-----+
    |                   Instance                  |                  Module                  | BRAM_18K| DSP48E|  FF | LUT |
    +---------------------------------------------+------------------------------------------+---------+-------+-----+-----+
    |backsub_dcmp_64ns_64ns_1_1_U13               |backsub_dcmp_64ns_64ns_1_1                |        0|      0|  130|  469|
    |backsub_dmul_64ns_64ns_64_6_max_dsp_U12      |backsub_dmul_64ns_64ns_64_6_max_dsp       |        0|     11|  317|  578|
    |backsub_fadd_32ns_32ns_32_5_full_dsp_U2      |backsub_fadd_32ns_32ns_32_5_full_dsp      |        0|      2|  205|  390|
    |backsub_faddfsub_32ns_32ns_32_5_full_dsp_U1  |backsub_faddfsub_32ns_32ns_32_5_full_dsp  |        0|      2|  205|  390|
    |backsub_fcmp_32ns_32ns_1_1_U9                |backsub_fcmp_32ns_32ns_1_1                |        0|      0|   66|  239|
    |backsub_fcmp_32ns_32ns_1_1_U10               |backsub_fcmp_32ns_32ns_1_1                |        0|      0|   66|  239|
    |backsub_fdiv_32ns_32ns_32_16_U4              |backsub_fdiv_32ns_32ns_32_16              |        0|      0|  761|  994|
    |backsub_fdiv_32ns_32ns_32_16_U5              |backsub_fdiv_32ns_32ns_32_16              |        0|      0|  761|  994|
    |backsub_fdiv_32ns_32ns_32_16_U6              |backsub_fdiv_32ns_32ns_32_16              |        0|      0|  761|  994|
    |backsub_fmul_32ns_32ns_32_4_max_dsp_U3       |backsub_fmul_32ns_32ns_32_4_max_dsp       |        0|      3|  143|  321|
    |backsub_fpext_32ns_64_1_U8                   |backsub_fpext_32ns_64_1                   |        0|      0|  100|  138|
    |backsub_fsqrt_32ns_32ns_32_12_U11            |backsub_fsqrt_32ns_32ns_32_12             |        0|      0|  405|  615|
    |backsub_sitodp_32ns_64_6_U14                 |backsub_sitodp_32ns_64_6                  |        0|      0|  412|  645|
    |backsub_sitofp_32ns_32_6_U7                  |backsub_sitofp_32ns_32_6                  |        0|      0|  340|  554|
    +---------------------------------------------+------------------------------------------+---------+-------+-----+-----+
    |Total                                        |                                          |        0|     18| 4672| 7560|
    +---------------------------------------------+------------------------------------------+---------+-------+-----+-----+

    * DSP48: 
    N/A

    * Memory: 
    +-------+---------------------+---------+----+----+------+-----+------+-------------+
    | Memory|        Module       | BRAM_18K| FF | LUT| Words| Bits| Banks| W*Bits*Banks|
    +-------+---------------------+---------+----+----+------+-----+------+-------------+
    |F_U    |backsub_EM_ALGO_F    |        0|  64|   1|     2|   32|     1|           64|
    |akt_U  |backsub_EM_ALGO_akt  |        2|   0|   0|     2|   32|     1|           64|
    +-------+---------------------+---------+----+----+------+-----+------+-------------+
    |Total  |                     |        2|  64|   1|     4|   64|     2|          128|
    +-------+---------------------+---------+----+----+------+-----+------+-------------+

    * FIFO: 
    N/A

    * Expression: 
    +------------------------------+----------+-------+---+-----+------------+------------+
    |         Variable Name        | Operation| DSP48E| FF| LUT | Bitwidth P0| Bitwidth P1|
    +------------------------------+----------+-------+---+-----+------------+------------+
    |tmp_33_fu_1004_p2             |     *    |      1|  0|    0|           9|           9|
    |grp_fu_510_p2                 |     +    |      0|  0|   13|          13|          13|
    |j5_fu_1631_p2                 |     +    |      0|  0|   32|           2|          32|
    |sh_assign_2_fu_883_p2         |     +    |      0|  0|    9|           8|           9|
    |sh_assign_fu_724_p2           |     +    |      0|  0|    9|           8|           9|
    |tmp_109_fu_1609_p2            |     +    |      0|  0|   19|          19|          19|
    |tmp_110_fu_1483_p2            |     +    |      0|  0|   19|          19|          19|
    |tmp_130_fu_1796_p2            |     +    |      0|  0|   19|          19|          19|
    |tmp_32_fu_612_p2              |     +    |      0|  0|   13|           2|          13|
    |tmp_34_fu_1013_p2             |     +    |      0|  0|   17|          17|          17|
    |tmp_35_fu_638_p2              |     +    |      0|  0|   13|           3|          13|
    |tmp_38_fu_1575_p2             |     +    |      0|  0|   13|          13|          13|
    |tmp_44_fu_1584_p2             |     +    |      0|  0|   13|          13|          13|
    |tmp_51_fu_1593_p2             |     +    |      0|  0|   13|          13|          13|
    |tmp_56_1_fu_628_p2            |     +    |      0|  0|   13|           2|          13|
    |tmp_65_1_fu_648_p2            |     +    |      0|  0|   13|           3|          13|
    |tmp_65_fu_1624_p2             |     +    |      0|  0|    8|           8|           1|
    |tmp_70_fu_1469_p2             |     +    |      0|  0|   13|          13|          13|
    |tmp_72_fu_1505_p2             |     +    |      0|  0|   13|          13|          13|
    |neg_1_fu_980_p2               |     -    |      0|  0|   32|           1|          32|
    |neg_fu_821_p2                 |     -    |      0|  0|   32|           1|          32|
    |p_Val2_7_i_i1_fu_969_p2       |     -    |      0|  0|   32|           1|          32|
    |p_Val2_7_i_i_fu_810_p2        |     -    |      0|  0|   32|           1|          32|
    |tmp_31_fu_606_p2              |     -    |      0|  0|   13|          13|          13|
    |tmp_4_i_i1_fu_897_p2          |     -    |      0|  0|    8|           7|           8|
    |tmp_4_i_i_fu_738_p2           |     -    |      0|  0|    8|           7|           8|
    |abs_1_fu_992_p3               |  Select  |      0|  0|   32|           1|          32|
    |abs_fu_833_p3                 |  Select  |      0|  0|   32|           1|          32|
    |index_1_fu_1706_p3            |  Select  |      0|  0|   32|           1|          32|
    |max_val_2_1_fu_1438_p3        |  Select  |      0|  0|    4|           1|           4|
    |min_val_1_1_fu_1457_p3        |  Select  |      0|  0|    4|           1|           4|
    |p_Val2_11_fu_974_p3           |  Select  |      0|  0|   32|           1|          32|
    |p_Val2_3_fu_802_p3            |  Select  |      0|  0|   32|           1|          32|
    |p_Val2_5_fu_815_p3            |  Select  |      0|  0|   32|           1|          32|
    |p_Val2_9_fu_961_p3            |  Select  |      0|  0|   32|           1|          32|
    |sh_assign_1_fu_748_p3         |  Select  |      0|  0|    9|           1|           9|
    |sh_assign_3_fu_907_p3         |  Select  |      0|  0|    9|           1|           9|
    |sorted_F_0_1_fu_1174_p3       |  Select  |      0|  0|   32|           1|          32|
    |sorted_F_0_s_fu_1317_p3       |  Select  |      0|  0|   32|           1|          32|
    |sorted_F_1_42_fu_1641_p3      |  Select  |      0|  0|   32|           1|          32|
    |sorted_weight_0_2_fu_1717_p3  |  Select  |      0|  0|   32|           1|          32|
    |tmp_135_fu_1789_p3            |  Select  |      0|  0|   19|           1|           1|
    |or_cond1_fu_1168_p2           |    and   |      0|  0|    1|           1|           1|
    |or_cond_fu_1423_p2            |    and   |      0|  0|    1|           1|           1|
    |tmp1_fu_1418_p2               |    and   |      0|  0|    1|           1|           1|
    |tmp_106_fu_1560_p2            |    and   |      0|  0|    1|           1|           1|
    |tmp_112_fu_1684_p2            |    and   |      0|  0|    1|           1|           1|
    |tmp_114_fu_1689_p2            |    and   |      0|  0|    1|           1|           1|
    |tmp_119_fu_1779_p2            |    and   |      0|  0|    1|           1|           1|
    |tmp_16_fu_1305_p2             |    and   |      0|  0|    1|           1|           1|
    |tmp_18_fu_1311_p2             |    and   |      0|  0|    1|           1|           1|
    |tmp_23_fu_1152_p2             |    and   |      0|  0|    1|           1|           1|
    |tmp_28_fu_1158_p2             |    and   |      0|  0|    1|           1|           1|
    |tmp_67_fu_1409_p2             |    and   |      0|  0|    1|           1|           1|
    |tmp_79_fu_1413_p2             |    and   |      0|  0|    1|           1|           1|
    |tmp_7_fu_1104_p2              |    and   |      0|  0|    1|           1|           1|
    |tmp_81_fu_1701_p2             |    and   |      0|  0|    1|           1|           1|
    |tmp_97_fu_1396_p2             |    and   |      0|  0|    1|           1|           1|
    |tmp_99_fu_1401_p2             |    and   |      0|  0|    1|           1|           1|
    |tmp_9_fu_1110_p2              |    and   |      0|  0|    1|           1|           1|
    |tmp_fu_1164_p2                |    and   |      0|  0|    1|           1|           1|
    |abscond_1_fu_986_p2           |   icmp   |      0|  0|   11|          32|           1|
    |abscond_fu_827_p2             |   icmp   |      0|  0|   11|          32|           1|
    |notlhs10_fu_1761_p2           |   icmp   |      0|  0|    3|           8|           2|
    |notlhs1_fu_1086_p2            |   icmp   |      0|  0|    4|          11|           2|
    |notlhs2_fu_1269_p2            |   icmp   |      0|  0|    4|          11|           2|
    |notlhs3_fu_1287_p2            |   icmp   |      0|  0|    4|          11|           2|
    |notlhs4_fu_1134_p2            |   icmp   |      0|  0|    3|           8|           2|
    |notlhs5_fu_1542_p2            |   icmp   |      0|  0|    3|           8|           2|
    |notlhs6_fu_1360_p2            |   icmp   |      0|  0|    3|           8|           2|
    |notlhs7_fu_1378_p2            |   icmp   |      0|  0|    3|           8|           2|
    |notlhs8_fu_1666_p2            |   icmp   |      0|  0|    3|           8|           2|
    |notlhs9_fu_1200_p2            |   icmp   |      0|  0|    3|           8|           2|
    |notlhs_fu_1068_p2             |   icmp   |      0|  0|    4|          11|           2|
    |notrhs10_fu_1767_p2           |   icmp   |      0|  0|    8|          23|           1|
    |notrhs1_fu_1092_p2            |   icmp   |      0|  0|   18|          52|           1|
    |notrhs2_fu_1275_p2            |   icmp   |      0|  0|   18|          52|           1|
    |notrhs3_fu_1293_p2            |   icmp   |      0|  0|   18|          52|           1|
    |notrhs4_fu_1140_p2            |   icmp   |      0|  0|    8|          23|           1|
    |notrhs5_fu_1548_p2            |   icmp   |      0|  0|    8|          23|           1|
    |notrhs6_fu_1366_p2            |   icmp   |      0|  0|    8|          23|           1|
    |notrhs7_fu_1384_p2            |   icmp   |      0|  0|    8|          23|           1|
    |notrhs8_fu_1672_p2            |   icmp   |      0|  0|    8|          23|           1|
    |notrhs9_fu_1206_p2            |   icmp   |      0|  0|    8|          23|           1|
    |notrhs_fu_1074_p2             |   icmp   |      0|  0|   18|          52|           1|
    |tmp_69_fu_1619_p2             |   icmp   |      0|  0|    2|           4|           1|
    |tmp_75_fu_1494_p2             |   icmp   |      0|  0|    2|           4|           1|
    |tmp_80_fu_1695_p2             |   icmp   |      0|  0|   11|          32|           1|
    |tmp_7_i_i1_fu_927_p2          |   lshr   |      0|  0|   63|          24|          24|
    |tmp_7_i_i_fu_768_p2           |   lshr   |      0|  0|   63|          24|          24|
    |tmp_100_fu_1453_p2            |    or    |      0|  0|    1|           1|           1|
    |tmp_104_fu_1554_p2            |    or    |      0|  0|    1|           1|           1|
    |tmp_111_fu_1678_p2            |    or    |      0|  0|    1|           1|           1|
    |tmp_117_fu_1773_p2            |    or    |      0|  0|    1|           1|           1|
    |tmp_14_fu_1281_p2             |    or    |      0|  0|    1|           1|           1|
    |tmp_15_fu_1299_p2             |    or    |      0|  0|    1|           1|           1|
    |tmp_21_fu_1146_p2             |    or    |      0|  0|    1|           1|           1|
    |tmp_51_s_fu_671_p2            |    or    |      0|  0|   44|          32|           1|
    |tmp_5_fu_1080_p2              |    or    |      0|  0|    1|           1|           1|
    |tmp_61_fu_1372_p2             |    or    |      0|  0|    1|           1|           1|
    |tmp_66_fu_1390_p2             |    or    |      0|  0|    1|           1|           1|
    |tmp_68_fu_1218_p2             |    or    |      0|  0|   23|          18|           1|
    |tmp_6_fu_1098_p2              |    or    |      0|  0|    1|           1|           1|
    |tmp_90_fu_1433_p2             |    or    |      0|  0|    1|           1|           1|
    |tmp_95_fu_1212_p2             |    or    |      0|  0|    1|           1|           1|
    |tmp_9_i_i1_fu_933_p2          |    shl   |      0|  0|  239|          78|          78|
    |tmp_9_i_i_fu_774_p2           |    shl   |      0|  0|  239|          78|          78|
    |not_j5_0_in_t_fu_1726_p2      |    xor   |      0|  0|    2|           1|           2|
    +------------------------------+----------+-------+---+-----+------------+------------+
    |Total                         |          |      1|  0| 1723|        1104|        1078|
    +------------------------------+----------+-------+---+-----+------------+------------+

    * Multiplexer: 
    +-------------------------+-----+-----------+-----+-----------+
    |           Name          | LUT | Input Size| Bits| Total Bits|
    +-------------------------+-----+-----------+-----+-----------+
    |akt_address0             |    1|          3|    1|          3|
    |ap_NS_fsm                |  376|        147|    1|        147|
    |ap_return                |    1|          2|    1|          2|
    |back_gauss_address0      |   18|          4|   18|         72|
    |back_gauss_address1      |   18|          4|   18|         72|
    |back_gauss_d1            |    1|          3|    1|          3|
    |grp_fu_443_opcode        |    2|          3|    2|          6|
    |grp_fu_443_p0            |   32|          6|   32|        192|
    |grp_fu_443_p1            |   64|          8|   32|        256|
    |grp_fu_453_p0            |   32|          5|   32|        160|
    |grp_fu_453_p1            |   32|          3|   32|         96|
    |grp_fu_459_p0            |   32|          4|   32|        128|
    |grp_fu_459_p1            |   32|          4|   32|        128|
    |grp_fu_475_p0            |   32|          4|   32|        128|
    |grp_fu_481_opcode        |    5|          5|    5|         25|
    |grp_fu_481_p0            |   32|          5|   32|        160|
    |grp_fu_481_p1            |   32|          6|   32|        192|
    |grp_fu_493_p1            |   32|          3|   32|         96|
    |grp_fu_498_p0            |   64|          3|   64|        192|
    |grp_fu_507_p0            |   32|          3|   32|         96|
    |index_1_1_reg_419        |   32|          2|   32|         64|
    |j5_0_in_reg_407          |   32|          2|   32|         64|
    |matchsum_address0        |   18|          6|   18|        108|
    |matchsum_d0              |    8|          3|    8|         24|
    |matchsumtot_1_1_reg_387  |   32|          2|   32|         64|
    |matchsumtot_1_reg_375    |   32|          2|   32|         64|
    |p_0_phi_fu_435_p4        |    1|          2|    1|          2|
    |parameters_address0      |   55|         17|   11|        187|
    |parameters_address1      |   11|          3|   11|         33|
    |parameters_d0            |   32|          6|   32|        192|
    |reg_514                  |   32|          2|   32|         64|
    |sorted_F_1_reg_398       |   32|          2|   32|         64|
    +-------------------------+-----+-----------+-----+-----------+
    |Total                    | 1187|        274|  736|       3084|
    +-------------------------+-----+-----------+-----+-----------+

    * Register: 
    +-----------------------------+-----+----+-----+-----------+
    |             Name            |  FF | LUT| Bits| Const Bits|
    +-----------------------------+-----+----+-----+-----------+
    |abs_1_reg_1933               |   32|   0|   32|          0|
    |abs_reg_1912                 |   32|   0|   32|          0|
    |akt_load_reg_2138            |   32|   0|   32|          0|
    |alpha_w                      |    0|   0|   32|         32|
    |ap_CS_fsm                    |  146|   0|  146|          0|
    |ap_return_preg               |    1|   0|    1|          0|
    |back_gauss_addr_1_reg_2014   |   17|   0|   18|          1|
    |back_gauss_addr_reg_1964     |   17|   0|   18|          1|
    |index_1_1_reg_419            |   32|   0|   32|          0|
    |j5_0_in_reg_407              |   32|   0|   32|          0|
    |j5_reg_2143                  |   32|   0|   32|          0|
    |matchsum_addr_3_reg_1959     |   17|   0|   18|          1|
    |matchsum_addr_4_reg_2009     |   17|   0|   18|          1|
    |matchsum_addr_reg_2124       |   18|   0|   18|          0|
    |matchsumtot_1_1_reg_387      |   32|   0|   32|          0|
    |matchsumtot_1_reg_375        |   32|   0|   32|          0|
    |matchsumtot_2_1_reg_2095     |   32|   0|   32|          0|
    |max_val_2_1_cast5_reg_2068   |    3|   0|   13|         10|
    |max_val_2_1_reg_2061         |    3|   0|    4|          1|
    |min_val_1_1_cast3_reg_2075   |    3|   0|   13|         10|
    |or_cond1_reg_1993            |    1|   0|    1|          0|
    |or_cond_reg_2053             |    1|   0|    1|          0|
    |p_0_reg_431                  |    1|   0|    1|          0|
    |p_Result_2_reg_1922          |    1|   0|    1|          0|
    |p_Result_s_reg_1901          |    1|   0|    1|          0|
    |p_Val2_3_reg_1906            |   32|   0|   32|          0|
    |p_Val2_9_reg_1927            |   32|   0|   32|          0|
    |parameters_addr_12_reg_1861  |   10|   0|   11|          1|
    |parameters_addr_13_reg_2109  |   11|   0|   11|          0|
    |parameters_addr_14_reg_2114  |   11|   0|   11|          0|
    |parameters_addr_15_reg_2119  |   11|   0|   11|          0|
    |parameters_addr_9_reg_1849   |   10|   0|   11|          1|
    |parameters_load_2_reg_1855   |   32|   0|   32|          0|
    |parameters_load_3_reg_1896   |   32|   0|   32|          0|
    |parameters_load_8_reg_1867   |   32|   0|   32|          0|
    |parameters_load_reg_1886     |   32|   0|   32|          0|
    |reg_514                      |   32|   0|   32|          0|
    |reg_524                      |   32|   0|   32|          0|
    |reg_530                      |   32|   0|   32|          0|
    |reg_538                      |   32|   0|   32|          0|
    |reg_549                      |   32|   0|   32|          0|
    |reg_554                      |   64|   0|   64|          0|
    |reg_559                      |   64|   0|   64|          0|
    |reg_564                      |   32|   0|   32|          0|
    |reg_572                      |    8|   0|    8|          0|
    |reg_576                      |   32|   0|   32|          0|
    |sorted_F_1_2_reg_1974        |   32|   0|   32|          0|
    |sorted_F_1_42_reg_2153       |   32|   0|   32|          0|
    |sorted_F_1_reg_398           |   32|   0|   32|          0|
    |tmp_106_reg_2100             |    1|   0|    1|          0|
    |tmp_114_reg_2160             |    1|   0|    1|          0|
    |tmp_127_reg_2148             |    1|   0|    1|          0|
    |tmp_132_reg_2173             |    1|   0|    1|          0|
    |tmp_18_reg_2020              |    1|   0|    1|          0|
    |tmp_23_reg_1982              |    1|   0|    1|          0|
    |tmp_28_reg_1987              |    1|   0|    1|          0|
    |tmp_31_reg_1811              |   12|   0|   13|          1|
    |tmp_32_reg_1822              |   12|   0|   13|          1|
    |tmp_33_reg_1943              |   17|   0|   17|          0|
    |tmp_34_reg_1948              |   17|   0|   17|          0|
    |tmp_35_reg_1843              |   12|   0|   13|          1|
    |tmp_53_reg_1917              |   64|   0|   64|          0|
    |tmp_58_reg_1953              |   17|   0|   18|          1|
    |tmp_59_1_reg_1938            |   64|   0|   64|          0|
    |tmp_61_reg_2025              |    1|   0|    1|          0|
    |tmp_66_reg_2031              |    1|   0|    1|          0|
    |tmp_69_reg_2134              |    1|   0|    1|          0|
    |tmp_75_reg_2081              |    1|   0|    1|          0|
    |tmp_78_reg_2036              |    1|   0|    1|          0|
    |tmp_83_reg_2104              |   13|   0|   13|          0|
    |tmp_90_reg_2057              |    1|   0|    1|          0|
    |tmp_92_cast_reg_2047         |   17|   0|   19|          2|
    |tmp_95_reg_1999              |    1|   0|    1|          0|
    |tmp_98_reg_2004              |    1|   0|    1|          0|
    |tmp_99_reg_2041              |    1|   0|    1|          0|
    |tmp_9_reg_1969               |    1|   0|    1|          0|
    |vinit                        |    0|   0|   32|         32|
    +-----------------------------+-----+----+-----+-----------+
    |Total                        | 1498|   0| 1595|         97|
    +-----------------------------+-----+----+-----+-----------+



================================================================
== Interface
================================================================
* Summary: 
+---------------------+-----+-----+------------+-----------------+--------------+
|      RTL Ports      | Dir | Bits|  Protocol  |  Source Object  |    C Type    |
+---------------------+-----+-----+------------+-----------------+--------------+
|ap_clk               |  in |    1| ap_ctrl_hs | backsub_EM_ALGO | return value |
|ap_rst               |  in |    1| ap_ctrl_hs | backsub_EM_ALGO | return value |
|ap_start             |  in |    1| ap_ctrl_hs | backsub_EM_ALGO | return value |
|ap_done              | out |    1| ap_ctrl_hs | backsub_EM_ALGO | return value |
|ap_idle              | out |    1| ap_ctrl_hs | backsub_EM_ALGO | return value |
|ap_ready             | out |    1| ap_ctrl_hs | backsub_EM_ALGO | return value |
|ap_return            | out |    1| ap_ctrl_hs | backsub_EM_ALGO | return value |
|pixel                |  in |    8|   ap_none  |      pixel      |    scalar    |
|pos_r                |  in |    9|   ap_none  |      pos_r      |    scalar    |
|parameters_address0  | out |   11|  ap_memory |    parameters   |     array    |
|parameters_ce0       | out |    1|  ap_memory |    parameters   |     array    |
|parameters_we0       | out |    1|  ap_memory |    parameters   |     array    |
|parameters_d0        | out |   32|  ap_memory |    parameters   |     array    |
|parameters_q0        |  in |   32|  ap_memory |    parameters   |     array    |
|parameters_address1  | out |   11|  ap_memory |    parameters   |     array    |
|parameters_ce1       | out |    1|  ap_memory |    parameters   |     array    |
|parameters_we1       | out |    1|  ap_memory |    parameters   |     array    |
|parameters_d1        | out |   32|  ap_memory |    parameters   |     array    |
|parameters_q1        |  in |   32|  ap_memory |    parameters   |     array    |
|x                    |  in |    9|   ap_none  |        x        |    scalar    |
|back_gauss_address0  | out |   18|  ap_memory |    back_gauss   |     array    |
|back_gauss_ce0       | out |    1|  ap_memory |    back_gauss   |     array    |
|back_gauss_we0       | out |    1|  ap_memory |    back_gauss   |     array    |
|back_gauss_d0        | out |    1|  ap_memory |    back_gauss   |     array    |
|back_gauss_q0        |  in |    1|  ap_memory |    back_gauss   |     array    |
|back_gauss_address1  | out |   18|  ap_memory |    back_gauss   |     array    |
|back_gauss_ce1       | out |    1|  ap_memory |    back_gauss   |     array    |
|back_gauss_we1       | out |    1|  ap_memory |    back_gauss   |     array    |
|back_gauss_d1        | out |    1|  ap_memory |    back_gauss   |     array    |
|matchsum_address0    | out |   18|  ap_memory |     matchsum    |     array    |
|matchsum_ce0         | out |    1|  ap_memory |     matchsum    |     array    |
|matchsum_we0         | out |    1|  ap_memory |     matchsum    |     array    |
|matchsum_d0          | out |    8|  ap_memory |     matchsum    |     array    |
|matchsum_q0          |  in |    8|  ap_memory |     matchsum    |     array    |
+---------------------+-----+-----+------------+-----------------+--------------+

