

================================================================
== Vivado HLS Report for 'backsub'
================================================================
* Date:           Wed Jan 03 12:48:06 2018

* Version:        2015.4 (Build 1412921 on Wed Nov 18 09:58:55 AM 2015)
* Project:        GMM_backsub_new
* Solution:       solution1
* Product family: zynq
* Target device:  xc7z020clg484-1


================================================================
== Performance Estimates
================================================================
+ Timing (ns): 
    * Summary: 
    +--------+-------+----------+------------+
    |  Clock | Target| Estimated| Uncertainty|
    +--------+-------+----------+------------+
    |ap_clk  |  10.00|      9.79|        1.25|
    +--------+-------+----------+------------+

+ Latency (clock cycles): 
    * Summary: 
    +---------+---------+---------+---------+---------+
    |      Latency      |      Interval     | Pipeline|
    |   min   |   max   |   min   |   max   |   Type  |
    +---------+---------+---------+---------+---------+
    |  2841897|  9753897|  2841898|  9753898|   none  |
    +---------+---------+---------+---------+---------+

    + Detail: 
        * Instance: 
        +----------------------------+-----------------+-----+-----+-----+-----+---------+
        |                            |                 |  Latency  |  Interval | Pipeline|
        |          Instance          |      Module     | min | max | min | max |   Type  |
        +----------------------------+-----------------+-----+-----+-----+-----+---------+
        |grp_backsub_EM_ALGO_fu_550  |backsub_EM_ALGO  |   29|  117|   29|  117|   none  |
        +----------------------------+-----------------+-----+-----+-----+-----+---------+

        * Loop: 
        +------------------------------------------------------------------------------------------+---------+---------+------------------+-----------+-----------+-------+----------+
        |                                                                                          |      Latency      |     Iteration    |  Initiation Interval  |  Trip |          |
        |                                         Loop Name                                        |   min   |   max   |      Latency     |  achieved |   target  | Count | Pipelined|
        +------------------------------------------------------------------------------------------+---------+---------+------------------+-----------+-----------+-------+----------+
        |- Loop 1                                                                                  |  2841896|  9753896| 355237 ~ 1219237 |          -|          -|      8|    no    |
        | + memcpy.backsub(unsigned char*, unsigned char*, bool, float*)::parameters.para          |    14401|    14401|                 3|          1|          1|  14400|    yes   |
        | + memcpy..frame_in                                                                       |     9601|     9601|                 3|          1|          1|   9600|    yes   |
        | + Loop 1.3                                                                               |   326400|  1171200|     34 ~ 122     |          -|          -|   9600|    no    |
        | + Loop 1.4                                                                               |   307200|  1152000|     32 ~ 120     |          -|          -|   9600|    no    |
        | + memcpy.frame_out.backsub(unsigned char*, unsigned char*, bool, float*)::out_frame.gep  |     9601|     9601|                 3|          1|          1|   9600|    yes   |
        | + memcpy.para.backsub(unsigned char*, unsigned char*, bool, float*)::parameters.gep      |    14401|    14401|                 3|          1|          1|  14400|    yes   |
        +------------------------------------------------------------------------------------------+---------+---------+------------------+-----------+-----------+-------+----------+



================================================================
== Utilization Estimates
================================================================
* Summary: 
+-----------------+---------+-------+--------+-------+
|       Name      | BRAM_18K| DSP48E|   FF   |  LUT  |
+-----------------+---------+-------+--------+-------+
|DSP              |        -|      -|       -|      -|
|Expression       |        -|      -|       0|    434|
|FIFO             |        -|      -|       -|      -|
|Instance         |        2|     19|    7577|  12294|
|Memory           |      281|      -|       0|      0|
|Multiplexer      |        -|      -|       -|    446|
|Register         |        -|      -|     688|      -|
+-----------------+---------+-------+--------+-------+
|Total            |      283|     19|    8265|  13174|
+-----------------+---------+-------+--------+-------+
|Available        |      280|    220|  106400|  53200|
+-----------------+---------+-------+--------+-------+
|Utilization (%)  |      101|      8|       7|     24|
+-----------------+---------+-------+--------+-------+

+ Detail: 
    * Instance: 
    +-----------------------------+---------------------------+---------+-------+------+-------+
    |           Instance          |           Module          | BRAM_18K| DSP48E|  FF  |  LUT  |
    +-----------------------------+---------------------------+---------+-------+------+-------+
    |backsub_AXILiteS_s_axi_U     |backsub_AXILiteS_s_axi     |        0|      0|   144|    232|
    |backsub_CRTL_BUS_s_axi_U     |backsub_CRTL_BUS_s_axi     |        0|      0|    75|    106|
    |grp_backsub_EM_ALGO_fu_550   |backsub_EM_ALGO            |        2|     19|  6262|  10556|
    |backsub_gmem_m_axi_U         |backsub_gmem_m_axi         |        0|      0|   548|    700|
    |backsub_gmem_offset_m_axi_U  |backsub_gmem_offset_m_axi  |        0|      0|   548|    700|
    +-----------------------------+---------------------------+---------+-------+------+-------+
    |Total                        |                           |        2|     19|  7577|  12294|
    +-----------------------------+---------------------------+---------+-------+------+-------+

    * DSP48: 
    N/A

    * Memory: 
    +--------------+--------------------+---------+---+----+--------+-----+------+-------------+
    |    Memory    |       Module       | BRAM_18K| FF| LUT|  Words | Bits| Banks| W*Bits*Banks|
    +--------------+--------------------+---------+---+----+--------+-----+------+-------------+
    |back_gauss_U  |backsub_back_gauss  |       16|  0|   0|  153600|    1|     1|       153600|
    |data_array_U  |backsub_data_array  |        8|  0|   0|    9600|    8|     1|        76800|
    |matchsum_U    |backsub_matchsum    |      128|  0|   0|  153600|    8|     1|      1228800|
    |out_frame_U   |backsub_out_frame   |        1|  0|   0|    9600|    1|     1|         9600|
    |parameters_U  |backsub_parameters  |      128|  0|   0|   57600|   32|     1|      1843200|
    +--------------+--------------------+---------+---+----+--------+-----+------+-------------+
    |Total         |                    |      281|  0|   0|  384000|   50|     5|      3312000|
    +--------------+--------------------+---------+---+----+--------+-----+------+-------------+

    * FIFO: 
    N/A

    * Expression: 
    +------------------------+----------+-------+---+----+------------+------------+
    |      Variable Name     | Operation| DSP48E| FF| LUT| Bitwidth P0| Bitwidth P1|
    +------------------------+----------+-------+---+----+------------+------------+
    |i_1_fu_722_p2           |     +    |      0|  0|  14|          14|           1|
    |indvar_next1_fu_688_p2  |     +    |      0|  0|  14|          14|           1|
    |indvar_next2_fu_899_p2  |     +    |      0|  0|  14|          14|           1|
    |indvar_next3_fu_924_p2  |     +    |      0|  0|  14|          14|           1|
    |indvar_next_fu_652_p2   |     +    |      0|  0|  14|          14|           1|
    |j_1_fu_705_p2           |     +    |      0|  0|  14|          14|           1|
    |next_mul1_fu_603_p2     |     +    |      0|  0|  19|          19|          16|
    |next_mul_fu_609_p2      |     +    |      0|  0|  17|          17|          14|
    |tmp_15_fu_832_p2        |     +    |      0|  0|  18|          18|           2|
    |tmp_17_fu_846_p2        |     +    |      0|  0|  18|          18|           2|
    |tmp_19_fu_860_p2        |     +    |      0|  0|  18|          18|           3|
    |tmp_21_fu_874_p2        |     +    |      0|  0|  18|          18|           3|
    |tmp_29_fu_667_p2        |     +    |      0|  0|  33|          33|          33|
    |tmp_31_fu_818_p2        |     +    |      0|  0|  33|          33|          33|
    |tmp_7_fu_631_p2         |     +    |      0|  0|  31|          31|          31|
    |tmp_9_fu_732_p2         |     +    |      0|  0|  17|          17|          17|
    |x_1_fu_621_p2           |     +    |      0|  0|   4|           4|           1|
    |tmp_11_fu_792_p2        |     -    |      0|  0|  18|          18|          18|
    |extLd_fu_910_p3         |  Select  |      0|  0|   2|           1|           2|
    |ap_sig_bdd_1004         |    and   |      0|  0|   1|           1|           1|
    |ap_sig_bdd_1383         |    and   |      0|  0|   1|           1|           1|
    |ap_sig_bdd_462          |    and   |      0|  0|   1|           1|           1|
    |ap_sig_bdd_486          |    and   |      0|  0|   1|           1|           1|
    |ap_sig_bdd_970          |    and   |      0|  0|   1|           1|           1|
    |exitcond1_fu_716_p2     |   icmp   |      0|  0|   5|          14|          14|
    |exitcond2_fu_615_p2     |   icmp   |      0|  0|   2|           4|           5|
    |exitcond3_fu_682_p2     |   icmp   |      0|  0|   5|          14|          14|
    |exitcond4_fu_893_p2     |   icmp   |      0|  0|   5|          14|          14|
    |exitcond5_fu_918_p2     |   icmp   |      0|  0|   5|          14|          12|
    |exitcond9_fu_646_p2     |   icmp   |      0|  0|   5|          14|          12|
    |exitcond_fu_699_p2      |   icmp   |      0|  0|   5|          14|          14|
    |tmp_13_fu_807_p2        |    or    |      0|  0|  44|          32|           1|
    |tmp_33_fu_752_p2        |    or    |      0|  0|  23|          18|           1|
    +------------------------+----------+-------+---+----+------------+------------+
    |Total                   |          |      0|  0| 434|         472|         273|
    +------------------------+----------+-------+---+----+------------+------------+

    * Multiplexer: 
    +------------------------------------+----+-----------+-----+-----------+
    |                Name                | LUT| Input Size| Bits| Total Bits|
    +------------------------------------+----+-----------+-----+-----------+
    |ap_NS_fsm                           |  72|         41|    1|         41|
    |ap_reg_ppiten_pp0_it2               |   1|          2|    1|          2|
    |ap_reg_ppiten_pp1_it2               |   1|          2|    1|          2|
    |ap_reg_ppiten_pp2_it2               |   1|          2|    1|          2|
    |ap_reg_ppiten_pp3_it2               |   1|          2|    1|          2|
    |ap_sig_ioackin_gmem_ARREADY         |   1|          2|    1|          2|
    |ap_sig_ioackin_gmem_AWREADY         |   1|          2|    1|          2|
    |ap_sig_ioackin_gmem_WREADY          |   1|          2|    1|          2|
    |ap_sig_ioackin_gmem_offset_ARREADY  |   1|          2|    1|          2|
    |ap_sig_ioackin_gmem_offset_AWREADY  |   1|          2|    1|          2|
    |ap_sig_ioackin_gmem_offset_WREADY   |   1|          2|    1|          2|
    |back_gauss_address0                 |  18|          3|   18|         54|
    |back_gauss_address1                 |  18|          3|   18|         54|
    |back_gauss_ce0                      |   1|          3|    1|          3|
    |back_gauss_ce1                      |   1|          3|    1|          3|
    |back_gauss_d0                       |   1|          3|    1|          3|
    |back_gauss_d1                       |   1|          3|    1|          3|
    |back_gauss_we0                      |   1|          3|    1|          3|
    |back_gauss_we1                      |   1|          3|    1|          3|
    |data_array_address0                 |  14|          4|   14|         56|
    |grp_backsub_EM_ALGO_fu_550_pos_r    |  14|          3|   14|         42|
    |i_reg_516                           |  14|          2|   14|         28|
    |indvar1_phi_fu_496_p4               |  14|          2|   14|         28|
    |indvar1_reg_492                     |  14|          2|   14|         28|
    |indvar2_reg_528                     |  14|          2|   14|         28|
    |indvar3_reg_539                     |  14|          2|   14|         28|
    |indvar_phi_fu_484_p4                |  14|          2|   14|         28|
    |indvar_reg_480                      |  14|          2|   14|         28|
    |j_reg_504                           |  14|          2|   14|         28|
    |matchsum_address0                   |  18|          3|   18|         54|
    |matchsum_ce0                        |   1|          3|    1|          3|
    |matchsum_d0                         |   8|          3|    8|         24|
    |matchsum_we0                        |   1|          3|    1|          3|
    |out_frame_address0                  |  14|          4|   14|         56|
    |parameters_address0                 |  16|          6|   16|         96|
    |parameters_address1                 |  16|          6|   16|         96|
    |parameters_ce0                      |   1|          3|    1|          3|
    |parameters_ce1                      |   1|          3|    1|          3|
    |parameters_d0                       |  32|          6|   32|        192|
    |parameters_d1                       |  32|          5|   32|        160|
    |parameters_we0                      |   1|          3|    1|          3|
    |parameters_we1                      |   1|          3|    1|          3|
    |phi_mul9_reg_469                    |  19|          2|   19|         38|
    |phi_mul_reg_457                     |  17|          2|   17|         34|
    |x_reg_445                           |   4|          2|    4|          8|
    +------------------------------------+----+-----------+-----+-----------+
    |Total                               | 446|        165|  375|       1285|
    +------------------------------------+----+-----------+-----+-----------+

    * Register: 
    +--------------------------------------------------+----+----+-----+-----------+
    |                       Name                       | FF | LUT| Bits| Const Bits|
    +--------------------------------------------------+----+----+-----+-----------+
    |ap_CS_fsm                                         |  40|   0|   40|          0|
    |ap_reg_ioackin_gmem_ARREADY                       |   1|   0|    1|          0|
    |ap_reg_ioackin_gmem_AWREADY                       |   1|   0|    1|          0|
    |ap_reg_ioackin_gmem_WREADY                        |   1|   0|    1|          0|
    |ap_reg_ioackin_gmem_offset_ARREADY                |   1|   0|    1|          0|
    |ap_reg_ioackin_gmem_offset_AWREADY                |   1|   0|    1|          0|
    |ap_reg_ioackin_gmem_offset_WREADY                 |   1|   0|    1|          0|
    |ap_reg_ppiten_pp0_it0                             |   1|   0|    1|          0|
    |ap_reg_ppiten_pp0_it1                             |   1|   0|    1|          0|
    |ap_reg_ppiten_pp0_it2                             |   1|   0|    1|          0|
    |ap_reg_ppiten_pp1_it0                             |   1|   0|    1|          0|
    |ap_reg_ppiten_pp1_it1                             |   1|   0|    1|          0|
    |ap_reg_ppiten_pp1_it2                             |   1|   0|    1|          0|
    |ap_reg_ppiten_pp2_it0                             |   1|   0|    1|          0|
    |ap_reg_ppiten_pp2_it1                             |   1|   0|    1|          0|
    |ap_reg_ppiten_pp2_it2                             |   1|   0|    1|          0|
    |ap_reg_ppiten_pp3_it0                             |   1|   0|    1|          0|
    |ap_reg_ppiten_pp3_it1                             |   1|   0|    1|          0|
    |ap_reg_ppiten_pp3_it2                             |   1|   0|    1|          0|
    |ap_reg_ppstg_exitcond3_reg_1008_pp1_it1           |   1|   0|    1|          0|
    |ap_reg_ppstg_exitcond4_reg_1071_pp2_it1           |   1|   0|    1|          0|
    |ap_reg_ppstg_exitcond5_reg_1090_pp3_it1           |   1|   0|    1|          0|
    |ap_reg_ppstg_exitcond9_reg_983_pp0_it1            |   1|   0|    1|          0|
    |ap_reg_ppstg_indvar1_reg_492_pp1_it1              |  14|   0|   14|          0|
    |ap_reg_ppstg_indvar_reg_480_pp0_it1               |  14|   0|   14|          0|
    |exitcond3_reg_1008                                |   1|   0|    1|          0|
    |exitcond4_reg_1071                                |   1|   0|    1|          0|
    |exitcond5_reg_1090                                |   1|   0|    1|          0|
    |exitcond9_reg_983                                 |   1|   0|    1|          0|
    |extLd_reg_1085                                    |   8|   0|    8|          0|
    |gmem_addr_1_reg_1056                              |  32|   0|   32|          0|
    |gmem_addr_read_reg_1017                           |   8|   0|    8|          0|
    |gmem_addr_reg_1002                                |  32|   0|   32|          0|
    |gmem_offset_addr_read_reg_992                     |  32|   0|   32|          0|
    |gmem_offset_addr_reg_977                          |  31|   0|   32|          1|
    |grp_backsub_EM_ALGO_fu_550_ap_start_ap_start_reg  |   1|   0|    1|          0|
    |i_1_reg_1043                                      |  14|   0|   14|          0|
    |i_reg_516                                         |  14|   0|   14|          0|
    |indvar1_reg_492                                   |  14|   0|   14|          0|
    |indvar2_reg_528                                   |  14|   0|   14|          0|
    |indvar3_reg_539                                   |  14|   0|   14|          0|
    |indvar_next1_reg_1012                             |  14|   0|   14|          0|
    |indvar_next_reg_987                               |  14|   0|   14|          0|
    |indvar_reg_480                                    |  14|   0|   14|          0|
    |init_read_reg_935                                 |   1|   0|    1|          0|
    |j_1_reg_1025                                      |  14|   0|   14|          0|
    |j_reg_504                                         |  14|   0|   14|          0|
    |next_mul1_reg_954                                 |  19|   0|   19|          0|
    |next_mul_reg_959                                  |  17|   0|   17|          0|
    |parameters_load_reg_1104                          |  32|   0|   32|          0|
    |phi_mul9_reg_469                                  |  19|   0|   19|          0|
    |phi_mul_reg_457                                   |  17|   0|   17|          0|
    |reg_576                                           |   8|   0|    8|          0|
    |tmp_10_cast_reg_939                               |  30|   0|   31|          1|
    |tmp_11_reg_1048                                   |  17|   0|   18|          1|
    |tmp_23_reg_1061                                   |  14|   0|   64|         50|
    |tmp_24_reg_1030                                   |  14|   0|   64|         50|
    |tmp_27_reg_997                                    |  17|   0|   33|         16|
    |tmp_30_cast_reg_944                               |  33|   0|   33|          0|
    |tmp_31_cast_reg_949                               |  33|   0|   33|          0|
    |tmp_7_reg_972                                     |  31|   0|   31|          0|
    |x_1_reg_967                                       |   4|   0|    4|          0|
    |x_reg_445                                         |   4|   0|    4|          0|
    +--------------------------------------------------+----+----+-----+-----------+
    |Total                                             | 688|   0|  807|        119|
    +--------------------------------------------------+----+----+-----+-----------+



================================================================
== Interface
================================================================
* Summary: 
+----------------------------+-----+-----+------------+--------------+--------------+
|          RTL Ports         | Dir | Bits|  Protocol  | Source Object|    C Type    |
+----------------------------+-----+-----+------------+--------------+--------------+
|s_axi_AXILiteS_AWVALID      |  in |    1|    s_axi   |   AXILiteS   |    scalar    |
|s_axi_AXILiteS_AWREADY      | out |    1|    s_axi   |   AXILiteS   |    scalar    |
|s_axi_AXILiteS_AWADDR       |  in |    6|    s_axi   |   AXILiteS   |    scalar    |
|s_axi_AXILiteS_WVALID       |  in |    1|    s_axi   |   AXILiteS   |    scalar    |
|s_axi_AXILiteS_WREADY       | out |    1|    s_axi   |   AXILiteS   |    scalar    |
|s_axi_AXILiteS_WDATA        |  in |   32|    s_axi   |   AXILiteS   |    scalar    |
|s_axi_AXILiteS_WSTRB        |  in |    4|    s_axi   |   AXILiteS   |    scalar    |
|s_axi_AXILiteS_ARVALID      |  in |    1|    s_axi   |   AXILiteS   |    scalar    |
|s_axi_AXILiteS_ARREADY      | out |    1|    s_axi   |   AXILiteS   |    scalar    |
|s_axi_AXILiteS_ARADDR       |  in |    6|    s_axi   |   AXILiteS   |    scalar    |
|s_axi_AXILiteS_RVALID       | out |    1|    s_axi   |   AXILiteS   |    scalar    |
|s_axi_AXILiteS_RREADY       |  in |    1|    s_axi   |   AXILiteS   |    scalar    |
|s_axi_AXILiteS_RDATA        | out |   32|    s_axi   |   AXILiteS   |    scalar    |
|s_axi_AXILiteS_RRESP        | out |    2|    s_axi   |   AXILiteS   |    scalar    |
|s_axi_AXILiteS_BVALID       | out |    1|    s_axi   |   AXILiteS   |    scalar    |
|s_axi_AXILiteS_BREADY       |  in |    1|    s_axi   |   AXILiteS   |    scalar    |
|s_axi_AXILiteS_BRESP        | out |    2|    s_axi   |   AXILiteS   |    scalar    |
|s_axi_CRTL_BUS_AWVALID      |  in |    1|    s_axi   |   CRTL_BUS   |    scalar    |
|s_axi_CRTL_BUS_AWREADY      | out |    1|    s_axi   |   CRTL_BUS   |    scalar    |
|s_axi_CRTL_BUS_AWADDR       |  in |    6|    s_axi   |   CRTL_BUS   |    scalar    |
|s_axi_CRTL_BUS_WVALID       |  in |    1|    s_axi   |   CRTL_BUS   |    scalar    |
|s_axi_CRTL_BUS_WREADY       | out |    1|    s_axi   |   CRTL_BUS   |    scalar    |
|s_axi_CRTL_BUS_WDATA        |  in |   32|    s_axi   |   CRTL_BUS   |    scalar    |
|s_axi_CRTL_BUS_WSTRB        |  in |    4|    s_axi   |   CRTL_BUS   |    scalar    |
|s_axi_CRTL_BUS_ARVALID      |  in |    1|    s_axi   |   CRTL_BUS   |    scalar    |
|s_axi_CRTL_BUS_ARREADY      | out |    1|    s_axi   |   CRTL_BUS   |    scalar    |
|s_axi_CRTL_BUS_ARADDR       |  in |    6|    s_axi   |   CRTL_BUS   |    scalar    |
|s_axi_CRTL_BUS_RVALID       | out |    1|    s_axi   |   CRTL_BUS   |    scalar    |
|s_axi_CRTL_BUS_RREADY       |  in |    1|    s_axi   |   CRTL_BUS   |    scalar    |
|s_axi_CRTL_BUS_RDATA        | out |   32|    s_axi   |   CRTL_BUS   |    scalar    |
|s_axi_CRTL_BUS_RRESP        | out |    2|    s_axi   |   CRTL_BUS   |    scalar    |
|s_axi_CRTL_BUS_BVALID       | out |    1|    s_axi   |   CRTL_BUS   |    scalar    |
|s_axi_CRTL_BUS_BREADY       |  in |    1|    s_axi   |   CRTL_BUS   |    scalar    |
|s_axi_CRTL_BUS_BRESP        | out |    2|    s_axi   |   CRTL_BUS   |    scalar    |
|ap_clk                      |  in |    1| ap_ctrl_hs |    backsub   | return value |
|ap_rst_n                    |  in |    1| ap_ctrl_hs |    backsub   | return value |
|interrupt                   | out |    1| ap_ctrl_hs |    backsub   | return value |
|m_axi_gmem_AWVALID          | out |    1|    m_axi   |     gmem     |    pointer   |
|m_axi_gmem_AWREADY          |  in |    1|    m_axi   |     gmem     |    pointer   |
|m_axi_gmem_AWADDR           | out |   32|    m_axi   |     gmem     |    pointer   |
|m_axi_gmem_AWID             | out |    1|    m_axi   |     gmem     |    pointer   |
|m_axi_gmem_AWLEN            | out |    8|    m_axi   |     gmem     |    pointer   |
|m_axi_gmem_AWSIZE           | out |    3|    m_axi   |     gmem     |    pointer   |
|m_axi_gmem_AWBURST          | out |    2|    m_axi   |     gmem     |    pointer   |
|m_axi_gmem_AWLOCK           | out |    2|    m_axi   |     gmem     |    pointer   |
|m_axi_gmem_AWCACHE          | out |    4|    m_axi   |     gmem     |    pointer   |
|m_axi_gmem_AWPROT           | out |    3|    m_axi   |     gmem     |    pointer   |
|m_axi_gmem_AWQOS            | out |    4|    m_axi   |     gmem     |    pointer   |
|m_axi_gmem_AWREGION         | out |    4|    m_axi   |     gmem     |    pointer   |
|m_axi_gmem_AWUSER           | out |    1|    m_axi   |     gmem     |    pointer   |
|m_axi_gmem_WVALID           | out |    1|    m_axi   |     gmem     |    pointer   |
|m_axi_gmem_WREADY           |  in |    1|    m_axi   |     gmem     |    pointer   |
|m_axi_gmem_WDATA            | out |   32|    m_axi   |     gmem     |    pointer   |
|m_axi_gmem_WSTRB            | out |    4|    m_axi   |     gmem     |    pointer   |
|m_axi_gmem_WLAST            | out |    1|    m_axi   |     gmem     |    pointer   |
|m_axi_gmem_WID              | out |    1|    m_axi   |     gmem     |    pointer   |
|m_axi_gmem_WUSER            | out |    1|    m_axi   |     gmem     |    pointer   |
|m_axi_gmem_ARVALID          | out |    1|    m_axi   |     gmem     |    pointer   |
|m_axi_gmem_ARREADY          |  in |    1|    m_axi   |     gmem     |    pointer   |
|m_axi_gmem_ARADDR           | out |   32|    m_axi   |     gmem     |    pointer   |
|m_axi_gmem_ARID             | out |    1|    m_axi   |     gmem     |    pointer   |
|m_axi_gmem_ARLEN            | out |    8|    m_axi   |     gmem     |    pointer   |
|m_axi_gmem_ARSIZE           | out |    3|    m_axi   |     gmem     |    pointer   |
|m_axi_gmem_ARBURST          | out |    2|    m_axi   |     gmem     |    pointer   |
|m_axi_gmem_ARLOCK           | out |    2|    m_axi   |     gmem     |    pointer   |
|m_axi_gmem_ARCACHE          | out |    4|    m_axi   |     gmem     |    pointer   |
|m_axi_gmem_ARPROT           | out |    3|    m_axi   |     gmem     |    pointer   |
|m_axi_gmem_ARQOS            | out |    4|    m_axi   |     gmem     |    pointer   |
|m_axi_gmem_ARREGION         | out |    4|    m_axi   |     gmem     |    pointer   |
|m_axi_gmem_ARUSER           | out |    1|    m_axi   |     gmem     |    pointer   |
|m_axi_gmem_RVALID           |  in |    1|    m_axi   |     gmem     |    pointer   |
|m_axi_gmem_RREADY           | out |    1|    m_axi   |     gmem     |    pointer   |
|m_axi_gmem_RDATA            |  in |   32|    m_axi   |     gmem     |    pointer   |
|m_axi_gmem_RLAST            |  in |    1|    m_axi   |     gmem     |    pointer   |
|m_axi_gmem_RID              |  in |    1|    m_axi   |     gmem     |    pointer   |
|m_axi_gmem_RUSER            |  in |    1|    m_axi   |     gmem     |    pointer   |
|m_axi_gmem_RRESP            |  in |    2|    m_axi   |     gmem     |    pointer   |
|m_axi_gmem_BVALID           |  in |    1|    m_axi   |     gmem     |    pointer   |
|m_axi_gmem_BREADY           | out |    1|    m_axi   |     gmem     |    pointer   |
|m_axi_gmem_BRESP            |  in |    2|    m_axi   |     gmem     |    pointer   |
|m_axi_gmem_BID              |  in |    1|    m_axi   |     gmem     |    pointer   |
|m_axi_gmem_BUSER            |  in |    1|    m_axi   |     gmem     |    pointer   |
|m_axi_gmem_offset_AWVALID   | out |    1|    m_axi   |  gmem_offset |    pointer   |
|m_axi_gmem_offset_AWREADY   |  in |    1|    m_axi   |  gmem_offset |    pointer   |
|m_axi_gmem_offset_AWADDR    | out |   32|    m_axi   |  gmem_offset |    pointer   |
|m_axi_gmem_offset_AWID      | out |    1|    m_axi   |  gmem_offset |    pointer   |
|m_axi_gmem_offset_AWLEN     | out |    8|    m_axi   |  gmem_offset |    pointer   |
|m_axi_gmem_offset_AWSIZE    | out |    3|    m_axi   |  gmem_offset |    pointer   |
|m_axi_gmem_offset_AWBURST   | out |    2|    m_axi   |  gmem_offset |    pointer   |
|m_axi_gmem_offset_AWLOCK    | out |    2|    m_axi   |  gmem_offset |    pointer   |
|m_axi_gmem_offset_AWCACHE   | out |    4|    m_axi   |  gmem_offset |    pointer   |
|m_axi_gmem_offset_AWPROT    | out |    3|    m_axi   |  gmem_offset |    pointer   |
|m_axi_gmem_offset_AWQOS     | out |    4|    m_axi   |  gmem_offset |    pointer   |
|m_axi_gmem_offset_AWREGION  | out |    4|    m_axi   |  gmem_offset |    pointer   |
|m_axi_gmem_offset_AWUSER    | out |    1|    m_axi   |  gmem_offset |    pointer   |
|m_axi_gmem_offset_WVALID    | out |    1|    m_axi   |  gmem_offset |    pointer   |
|m_axi_gmem_offset_WREADY    |  in |    1|    m_axi   |  gmem_offset |    pointer   |
|m_axi_gmem_offset_WDATA     | out |   32|    m_axi   |  gmem_offset |    pointer   |
|m_axi_gmem_offset_WSTRB     | out |    4|    m_axi   |  gmem_offset |    pointer   |
|m_axi_gmem_offset_WLAST     | out |    1|    m_axi   |  gmem_offset |    pointer   |
|m_axi_gmem_offset_WID       | out |    1|    m_axi   |  gmem_offset |    pointer   |
|m_axi_gmem_offset_WUSER     | out |    1|    m_axi   |  gmem_offset |    pointer   |
|m_axi_gmem_offset_ARVALID   | out |    1|    m_axi   |  gmem_offset |    pointer   |
|m_axi_gmem_offset_ARREADY   |  in |    1|    m_axi   |  gmem_offset |    pointer   |
|m_axi_gmem_offset_ARADDR    | out |   32|    m_axi   |  gmem_offset |    pointer   |
|m_axi_gmem_offset_ARID      | out |    1|    m_axi   |  gmem_offset |    pointer   |
|m_axi_gmem_offset_ARLEN     | out |    8|    m_axi   |  gmem_offset |    pointer   |
|m_axi_gmem_offset_ARSIZE    | out |    3|    m_axi   |  gmem_offset |    pointer   |
|m_axi_gmem_offset_ARBURST   | out |    2|    m_axi   |  gmem_offset |    pointer   |
|m_axi_gmem_offset_ARLOCK    | out |    2|    m_axi   |  gmem_offset |    pointer   |
|m_axi_gmem_offset_ARCACHE   | out |    4|    m_axi   |  gmem_offset |    pointer   |
|m_axi_gmem_offset_ARPROT    | out |    3|    m_axi   |  gmem_offset |    pointer   |
|m_axi_gmem_offset_ARQOS     | out |    4|    m_axi   |  gmem_offset |    pointer   |
|m_axi_gmem_offset_ARREGION  | out |    4|    m_axi   |  gmem_offset |    pointer   |
|m_axi_gmem_offset_ARUSER    | out |    1|    m_axi   |  gmem_offset |    pointer   |
|m_axi_gmem_offset_RVALID    |  in |    1|    m_axi   |  gmem_offset |    pointer   |
|m_axi_gmem_offset_RREADY    | out |    1|    m_axi   |  gmem_offset |    pointer   |
|m_axi_gmem_offset_RDATA     |  in |   32|    m_axi   |  gmem_offset |    pointer   |
|m_axi_gmem_offset_RLAST     |  in |    1|    m_axi   |  gmem_offset |    pointer   |
|m_axi_gmem_offset_RID       |  in |    1|    m_axi   |  gmem_offset |    pointer   |
|m_axi_gmem_offset_RUSER     |  in |    1|    m_axi   |  gmem_offset |    pointer   |
|m_axi_gmem_offset_RRESP     |  in |    2|    m_axi   |  gmem_offset |    pointer   |
|m_axi_gmem_offset_BVALID    |  in |    1|    m_axi   |  gmem_offset |    pointer   |
|m_axi_gmem_offset_BREADY    | out |    1|    m_axi   |  gmem_offset |    pointer   |
|m_axi_gmem_offset_BRESP     |  in |    2|    m_axi   |  gmem_offset |    pointer   |
|m_axi_gmem_offset_BID       |  in |    1|    m_axi   |  gmem_offset |    pointer   |
|m_axi_gmem_offset_BUSER     |  in |    1|    m_axi   |  gmem_offset |    pointer   |
+----------------------------+-----+-----+------------+--------------+--------------+

